<?xml version="1.0" encoding="UTF-8"?>
<!-- Generated by org.testng.reporters.JUnitReportReporter -->
<testsuite hostname="LAPTOP-UNVJLEE0" failures="0" tests="2" name="sapf.Homepage" time="6.083" errors="0" timestamp="2021-10-11T21:21:16 IST" skipped="0">
  <testcase classname="sapf.Homepage" name="basepagenavigation" time="2.895"/>
  <system-out/>
  <testcase classname="sapf.Homepage" name="basepagenavigation" time="3.188"/>
  <system-out/>
</testsuite> <!-- sapf.Homepage -->
