<?xml version="1.0" encoding="UTF-8"?>
<!-- Generated by org.testng.reporters.JUnitReportReporter -->
<testsuite skipped="0" hostname="LAPTOP-UNVJLEE0" name="sapf.Homepage" tests="2" failures="0" timestamp="2021-10-12T22:39:17 IST" time="5.533" errors="0">
  <testcase name="basepagenavigation" time="3.048" classname="sapf.Homepage"/>
  <system-out/>
  <testcase name="basepagenavigation" time="2.485" classname="sapf.Homepage"/>
  <system-out/>
</testsuite> <!-- sapf.Homepage -->
